Using GATK jar /usr/local/gatk/4.1.7.0/gatk-package-4.1.7.0-local.jar
Running:
    java -Dsamjdk.use_async_io_read_samtools=false -Dsamjdk.use_async_io_write_samtools=true -Dsamjdk.use_async_io_write_tribble=false -Dsamjdk.compression_level=2 -Xmx175G -jar /usr/local/gatk/4.1.7.0/gatk-package-4.1.7.0-local.jar GenomicsDBImport --genomicsdb-workspace-path /scratch/users/vst14/genomicsdb_D/ --tmp-dir /scratch/users/vst14/tmp/ --sample-name-map /mnt/rds/txl80/LaframboiseLab/vst14/AR_BAM/cohort.sample_map -L /mnt/rds/txl80/LaframboiseLab/vst14/SLURMS/intervals.list
16:36:36.245 INFO  NativeLibraryLoader - Loading libgkl_compression.so from jar:file:/usr/local/gatk/4.1.7.0/gatk-package-4.1.7.0-local.jar!/com/intel/gkl/native/libgkl_compression.so
Oct 29, 2020 4:36:41 PM shaded.cloud_nio.com.google.auth.oauth2.ComputeEngineCredentials runningOnComputeEngine
INFO: Failed to detect whether we are running on Google Compute Engine.
16:36:41.903 INFO  GenomicsDBImport - ------------------------------------------------------------
16:36:41.904 INFO  GenomicsDBImport - The Genome Analysis Toolkit (GATK) v4.1.7.0
16:36:41.905 INFO  GenomicsDBImport - For support and documentation go to https://software.broadinstitute.org/gatk/
16:36:41.909 INFO  GenomicsDBImport - Executing as vst14@compt313 on Linux v3.10.0-957.el7.x86_64 amd64
16:36:41.909 INFO  GenomicsDBImport - Java runtime: OpenJDK 64-Bit Server VM v1.8.0_181-b13
16:36:41.910 INFO  GenomicsDBImport - Start Date/Time: October 29, 2020 4:36:35 PM EDT
16:36:41.910 INFO  GenomicsDBImport - ------------------------------------------------------------
16:36:41.910 INFO  GenomicsDBImport - ------------------------------------------------------------
16:36:41.911 INFO  GenomicsDBImport - HTSJDK Version: 2.21.2
16:36:41.911 INFO  GenomicsDBImport - Picard Version: 2.21.9
16:36:41.911 INFO  GenomicsDBImport - HTSJDK Defaults.COMPRESSION_LEVEL : 2
16:36:41.912 INFO  GenomicsDBImport - HTSJDK Defaults.USE_ASYNC_IO_READ_FOR_SAMTOOLS : false
16:36:41.912 INFO  GenomicsDBImport - HTSJDK Defaults.USE_ASYNC_IO_WRITE_FOR_SAMTOOLS : true
16:36:41.912 INFO  GenomicsDBImport - HTSJDK Defaults.USE_ASYNC_IO_WRITE_FOR_TRIBBLE : false
16:36:41.912 INFO  GenomicsDBImport - Deflater: IntelDeflater
16:36:41.912 INFO  GenomicsDBImport - Inflater: IntelInflater
16:36:41.912 INFO  GenomicsDBImport - GCS max retries/reopens: 20
16:36:41.912 INFO  GenomicsDBImport - Requester pays: disabled
16:36:41.912 INFO  GenomicsDBImport - Initializing engine
16:36:44.556 INFO  IntervalArgumentCollection - Processing 3095693981 bp from intervals
16:36:44.559 INFO  GenomicsDBImport - Done initializing engine
16:36:53.333 INFO  GenomicsDBImport - Vid Map JSON file will be written to /scratch/users/vst14/genomicsdb_D/vidmap.json
16:36:53.334 INFO  GenomicsDBImport - Callset Map JSON file will be written to /scratch/users/vst14/genomicsdb_D/callset.json
16:36:53.334 INFO  GenomicsDBImport - Complete VCF Header will be written to /scratch/users/vst14/genomicsdb_D/vcfheader.vcf
16:36:53.334 INFO  GenomicsDBImport - Importing to array - /scratch/users/vst14/genomicsdb_D/genomicsdb_array
16:36:53.334 INFO  ProgressMeter - Starting traversal
16:36:53.335 INFO  ProgressMeter -        Current Locus  Elapsed Minutes     Batches Processed   Batches/Minute
16:37:05.339 INFO  GenomicsDBImport - Importing batch 1 with 11 samples
18:57:26.376 INFO  GenomicsDBImport - Importing batch 1 with 11 samples
21:08:39.362 INFO  GenomicsDBImport - Importing batch 1 with 11 samples
22:51:59.288 INFO  GenomicsDBImport - Importing batch 1 with 11 samples
00:43:27.970 INFO  GenomicsDBImport - Importing batch 1 with 11 samples
01:49:19.771 INFO  GenomicsDBImport - Importing batch 1 with 11 samples
02:57:17.883 INFO  GenomicsDBImport - Importing batch 1 with 11 samples
03:58:31.693 INFO  GenomicsDBImport - Importing batch 1 with 11 samples
04:50:15.345 INFO  GenomicsDBImport - Importing batch 1 with 11 samples
05:48:44.852 INFO  GenomicsDBImport - Importing batch 1 with 11 samples
06:31:32.807 INFO  GenomicsDBImport - Importing batch 1 with 11 samples
07:27:59.045 INFO  GenomicsDBImport - Importing batch 1 with 11 samples
08:17:51.603 INFO  GenomicsDBImport - Importing batch 1 with 11 samples
08:39:12.494 INFO  GenomicsDBImport - Importing batch 1 with 11 samples
09:07:19.598 INFO  GenomicsDBImport - Importing batch 1 with 11 samples
09:40:00.923 INFO  GenomicsDBImport - Importing batch 1 with 11 samples
10:15:51.130 INFO  GenomicsDBImport - Importing batch 1 with 11 samples
11:09:26.090 INFO  GenomicsDBImport - Importing batch 1 with 11 samples
11:28:41.363 INFO  GenomicsDBImport - Importing batch 1 with 11 samples
13:03:24.696 INFO  GenomicsDBImport - Importing batch 1 with 11 samples
13:46:01.772 INFO  GenomicsDBImport - Importing batch 1 with 11 samples
14:00:12.891 INFO  GenomicsDBImport - Importing batch 1 with 11 samples
14:21:18.981 INFO  GenomicsDBImport - Importing batch 1 with 11 samples
15:40:05.899 INFO  GenomicsDBImport - Importing batch 1 with 11 samples
15:43:06.813 INFO  GenomicsDBImport - Importing batch 1 with 11 samples
15:43:10.068 INFO  ProgressMeter -                  1:1           1386.3                     1              0.0
15:43:10.068 INFO  GenomicsDBImport - Done importing batch 1/1
15:43:10.069 INFO  ProgressMeter -                  1:1           1386.3                     1              0.0
15:43:10.069 INFO  ProgressMeter - Traversal complete. Processed 1 total batches in 1386.3 minutes.
15:43:10.069 INFO  GenomicsDBImport - Import completed!
15:43:10.069 INFO  GenomicsDBImport - Shutting down engine
[October 30, 2020 3:43:10 PM EDT] org.broadinstitute.hellbender.tools.genomicsdb.GenomicsDBImport done. Elapsed time: 1,386.57 minutes.
Runtime.totalMemory()=1401421824
Tool returned:
true
